<?xml version="1.0" encoding="UTF-8"?>
<testng-results skipped="1" failed="1" total="11" passed="9">
  <reporter-output>
  </reporter-output>
  <suite name="Default suite" duration-ms="59593" started-at="2021-02-02T12:30:31Z" finished-at="2021-02-02T12:31:30Z">
    <groups>
      <group name="Regression">
        <method signature="ManageCutOffTest.getUserRegisteration()[pri:0, instance:com.ams.qa.admin.testcases.ManageCutOffTest@20d3d15a]" name="getUserRegisteration" class="com.ams.qa.admin.testcases.ManageCutOffTest"/>
        <method signature="ManageCutOffTest.getAdmin()[pri:0, instance:com.ams.qa.admin.testcases.ManageCutOffTest@20d3d15a]" name="getAdmin" class="com.ams.qa.admin.testcases.ManageCutOffTest"/>
        <method signature="ManageCutOffTest.getManageCutOff()[pri:0, instance:com.ams.qa.admin.testcases.ManageCutOffTest@20d3d15a]" name="getManageCutOff" class="com.ams.qa.admin.testcases.ManageCutOffTest"/>
        <method signature="ManageCutOffTest.getCostcenter()[pri:0, instance:com.ams.qa.admin.testcases.ManageCutOffTest@20d3d15a]" name="getCostcenter" class="com.ams.qa.admin.testcases.ManageCutOffTest"/>
        <method signature="ManageCutOffTest.getCutt_offType()[pri:0, instance:com.ams.qa.admin.testcases.ManageCutOffTest@20d3d15a]" name="getCutt_offType" class="com.ams.qa.admin.testcases.ManageCutOffTest"/>
        <method signature="ManageCutOffTest.getCTNCT()[pri:0, instance:com.ams.qa.admin.testcases.ManageCutOffTest@20d3d15a]" name="getCTNCT" class="com.ams.qa.admin.testcases.ManageCutOffTest"/>
        <method signature="ManageCutOffTest.getNoofDays()[pri:0, instance:com.ams.qa.admin.testcases.ManageCutOffTest@20d3d15a]" name="getNoofDays" class="com.ams.qa.admin.testcases.ManageCutOffTest"/>
        <method signature="ManageCutOffTest.getNoofDaysDate()[pri:0, instance:com.ams.qa.admin.testcases.ManageCutOffTest@20d3d15a]" name="getNoofDaysDate" class="com.ams.qa.admin.testcases.ManageCutOffTest"/>
        <method signature="ManageCutOffTest.getAdd()[pri:0, instance:com.ams.qa.admin.testcases.ManageCutOffTest@20d3d15a]" name="getAdd" class="com.ams.qa.admin.testcases.ManageCutOffTest"/>
        <method signature="ManageCutOffTest.getEdit()[pri:0, instance:com.ams.qa.admin.testcases.ManageCutOffTest@20d3d15a]" name="getEdit" class="com.ams.qa.admin.testcases.ManageCutOffTest"/>
        <method signature="ManageCutOffTest.getupdate()[pri:0, instance:com.ams.qa.admin.testcases.ManageCutOffTest@20d3d15a]" name="getupdate" class="com.ams.qa.admin.testcases.ManageCutOffTest"/>
      </group> <!-- Regression -->
    </groups>
    <test name="Default test" duration-ms="59593" started-at="2021-02-02T12:30:31Z" finished-at="2021-02-02T12:31:30Z">
      <class name="com.ams.qa.admin.testcases.ManageCutOffTest">
        <test-method status="PASS" signature="setup()[pri:0, instance:com.ams.qa.admin.testcases.ManageCutOffTest@20d3d15a]" name="setup" is-config="true" duration-ms="12315" started-at="2021-02-02T18:00:31Z" finished-at="2021-02-02T18:00:43Z">
          <reporter-output>
          </reporter-output>
        </test-method> <!-- setup -->
        <test-method status="PASS" signature="getUserRegisteration()[pri:0, instance:com.ams.qa.admin.testcases.ManageCutOffTest@20d3d15a]" name="getUserRegisteration" duration-ms="6286" started-at="2021-02-02T18:00:43Z" finished-at="2021-02-02T18:00:49Z">
          <reporter-output>
          </reporter-output>
        </test-method> <!-- getUserRegisteration -->
        <test-method status="PASS" signature="getAdmin()[pri:0, instance:com.ams.qa.admin.testcases.ManageCutOffTest@20d3d15a]" name="getAdmin" duration-ms="2102" started-at="2021-02-02T18:00:49Z" depends-on-methods="com.ams.qa.admin.testcases.ManageCutOffTest.getUserRegisteration" finished-at="2021-02-02T18:00:51Z">
          <reporter-output>
          </reporter-output>
        </test-method> <!-- getAdmin -->
        <test-method status="PASS" signature="getManageCutOff()[pri:0, instance:com.ams.qa.admin.testcases.ManageCutOffTest@20d3d15a]" name="getManageCutOff" duration-ms="2958" started-at="2021-02-02T18:00:51Z" depends-on-methods="com.ams.qa.admin.testcases.ManageCutOffTest.getAdmin" finished-at="2021-02-02T18:00:54Z">
          <reporter-output>
          </reporter-output>
        </test-method> <!-- getManageCutOff -->
        <test-method status="PASS" signature="getCostcenter()[pri:0, instance:com.ams.qa.admin.testcases.ManageCutOffTest@20d3d15a]" name="getCostcenter" duration-ms="2985" started-at="2021-02-02T18:00:54Z" depends-on-methods="com.ams.qa.admin.testcases.ManageCutOffTest.getManageCutOff" finished-at="2021-02-02T18:00:57Z">
          <reporter-output>
          </reporter-output>
        </test-method> <!-- getCostcenter -->
        <test-method status="PASS" signature="getCutt_offType()[pri:0, instance:com.ams.qa.admin.testcases.ManageCutOffTest@20d3d15a]" name="getCutt_offType" duration-ms="3090" started-at="2021-02-02T18:00:57Z" depends-on-methods="com.ams.qa.admin.testcases.ManageCutOffTest.getCostcenter" finished-at="2021-02-02T18:01:00Z">
          <reporter-output>
          </reporter-output>
        </test-method> <!-- getCutt_offType -->
        <test-method status="PASS" signature="getCTNCT()[pri:0, instance:com.ams.qa.admin.testcases.ManageCutOffTest@20d3d15a]" name="getCTNCT" duration-ms="2848" started-at="2021-02-02T18:01:00Z" depends-on-methods="com.ams.qa.admin.testcases.ManageCutOffTest.getCutt_offType" finished-at="2021-02-02T18:01:03Z">
          <reporter-output>
          </reporter-output>
        </test-method> <!-- getCTNCT -->
        <test-method status="PASS" signature="getNoofDays()[pri:0, instance:com.ams.qa.admin.testcases.ManageCutOffTest@20d3d15a]" name="getNoofDays" duration-ms="2076" started-at="2021-02-02T18:01:03Z" depends-on-methods="com.ams.qa.admin.testcases.ManageCutOffTest.getCTNCT" finished-at="2021-02-02T18:01:05Z">
          <reporter-output>
          </reporter-output>
        </test-method> <!-- getNoofDays -->
        <test-method status="PASS" signature="getNoofDaysDate()[pri:0, instance:com.ams.qa.admin.testcases.ManageCutOffTest@20d3d15a]" name="getNoofDaysDate" duration-ms="2151" started-at="2021-02-02T18:01:05Z" depends-on-methods="com.ams.qa.admin.testcases.ManageCutOffTest.getNoofDays" finished-at="2021-02-02T18:01:07Z">
          <reporter-output>
          </reporter-output>
        </test-method> <!-- getNoofDaysDate -->
        <test-method status="PASS" signature="getAdd()[pri:0, instance:com.ams.qa.admin.testcases.ManageCutOffTest@20d3d15a]" name="getAdd" duration-ms="4098" started-at="2021-02-02T18:01:07Z" depends-on-methods="com.ams.qa.admin.testcases.ManageCutOffTest.getNoofDaysDate" finished-at="2021-02-02T18:01:12Z">
          <reporter-output>
          </reporter-output>
        </test-method> <!-- getAdd -->
        <test-method status="FAIL" signature="getEdit()[pri:0, instance:com.ams.qa.admin.testcases.ManageCutOffTest@20d3d15a]" name="getEdit" duration-ms="18621" started-at="2021-02-02T18:01:12Z" depends-on-methods="com.ams.qa.admin.testcases.ManageCutOffTest.getAdd" finished-at="2021-02-02T18:01:30Z">
          <exception class="org.openqa.selenium.NoSuchElementException">
            <message>
              <![CDATA[Cannot locate an element using xpath=//span[contains(text(),'Joint')]//following::td[13]//a[@class='fa fa-edit']
For documentation on this error, please visit: https://www.seleniumhq.org/exceptions/no_such_element.html
Build info: version: '3.141.59', revision: 'e82be7d358', time: '2018-11-14T08:25:48'
System info: host: 'SPGRASD11', ip: '172.27.85.33', os.name: 'Windows 10', os.arch: 'amd64', os.version: '10.0', java.version: '1.8.0_152'
Driver info: driver.version: RemoteWebDriver]]>
            </message>
            <full-stacktrace>
              <![CDATA[org.openqa.selenium.NoSuchElementException: Cannot locate an element using xpath=//span[contains(text(),'Joint')]//following::td[13]//a[@class='fa fa-edit']
For documentation on this error, please visit: https://www.seleniumhq.org/exceptions/no_such_element.html
Build info: version: '3.141.59', revision: 'e82be7d358', time: '2018-11-14T08:25:48'
System info: host: 'SPGRASD11', ip: '172.27.85.33', os.name: 'Windows 10', os.arch: 'amd64', os.version: '10.0', java.version: '1.8.0_152'
Driver info: driver.version: RemoteWebDriver
	at org.openqa.selenium.remote.RemoteWebDriver.findElement(RemoteWebDriver.java:327)
	at org.openqa.selenium.remote.RemoteWebDriver.findElementByXPath(RemoteWebDriver.java:428)
	at org.openqa.selenium.By$ByXPath.findElement(By.java:353)
	at org.openqa.selenium.remote.RemoteWebDriver.findElement(RemoteWebDriver.java:315)
	at com.ams.qa.admin.pages.ManageAttendanceSource.getEdit(ManageAttendanceSource.java:193)
	at com.ams.qa.admin.testcases.ManageCutOffTest.getEdit(ManageCutOffTest.java:106)
	at sun.reflect.NativeMethodAccessorImpl.invoke0(Native Method)
	at sun.reflect.NativeMethodAccessorImpl.invoke(NativeMethodAccessorImpl.java:62)
	at sun.reflect.DelegatingMethodAccessorImpl.invoke(DelegatingMethodAccessorImpl.java:43)
	at java.lang.reflect.Method.invoke(Method.java:498)
	at org.testng.internal.MethodInvocationHelper.invokeMethod(MethodInvocationHelper.java:86)
	at org.testng.internal.Invoker.invokeMethod(Invoker.java:643)
	at org.testng.internal.Invoker.invokeTestMethod(Invoker.java:820)
	at org.testng.internal.Invoker.invokeTestMethods(Invoker.java:1128)
	at org.testng.internal.TestMethodWorker.invokeTestMethods(TestMethodWorker.java:129)
	at org.testng.internal.TestMethodWorker.run(TestMethodWorker.java:112)
	at org.testng.TestRunner.privateRun(TestRunner.java:782)
	at org.testng.TestRunner.run(TestRunner.java:632)
	at org.testng.SuiteRunner.runTest(SuiteRunner.java:366)
	at org.testng.SuiteRunner.runSequentially(SuiteRunner.java:361)
	at org.testng.SuiteRunner.privateRun(SuiteRunner.java:319)
	at org.testng.SuiteRunner.run(SuiteRunner.java:268)
	at org.testng.SuiteRunnerWorker.runSuite(SuiteRunnerWorker.java:52)
	at org.testng.SuiteRunnerWorker.run(SuiteRunnerWorker.java:86)
	at org.testng.TestNG.runSuitesSequentially(TestNG.java:1244)
	at org.testng.TestNG.runSuitesLocally(TestNG.java:1169)
	at org.testng.TestNG.run(TestNG.java:1064)
	at org.testng.remote.AbstractRemoteTestNG.run(AbstractRemoteTestNG.java:115)
	at org.testng.remote.RemoteTestNG.initAndRun(RemoteTestNG.java:251)
	at org.testng.remote.RemoteTestNG.main(RemoteTestNG.java:77)
]]>
            </full-stacktrace>
          </exception> <!-- org.openqa.selenium.NoSuchElementException -->
          <reporter-output>
          </reporter-output>
        </test-method> <!-- getEdit -->
        <test-method status="SKIP" signature="getupdate()[pri:0, instance:com.ams.qa.admin.testcases.ManageCutOffTest@20d3d15a]" name="getupdate" duration-ms="0" started-at="2021-02-02T18:01:30Z" depends-on-methods="com.ams.qa.admin.testcases.ManageCutOffTest.getEdit" finished-at="2021-02-02T18:01:30Z">
          <exception class="java.lang.Throwable">
            <message>
              <![CDATA[Method ManageCutOffTest.getupdate()[pri:0, instance:com.ams.qa.admin.testcases.ManageCutOffTest@20d3d15a] depends on not successfully finished methods]]>
            </message>
            <full-stacktrace>
              <![CDATA[java.lang.Throwable: Method ManageCutOffTest.getupdate()[pri:0, instance:com.ams.qa.admin.testcases.ManageCutOffTest@20d3d15a] depends on not successfully finished methods
	at org.testng.internal.Invoker.invokeTestMethods(Invoker.java:1037)
	at org.testng.internal.TestMethodWorker.invokeTestMethods(TestMethodWorker.java:129)
	at org.testng.internal.TestMethodWorker.run(TestMethodWorker.java:112)
	at org.testng.TestRunner.privateRun(TestRunner.java:782)
	at org.testng.TestRunner.run(TestRunner.java:632)
	at org.testng.SuiteRunner.runTest(SuiteRunner.java:366)
	at org.testng.SuiteRunner.runSequentially(SuiteRunner.java:361)
	at org.testng.SuiteRunner.privateRun(SuiteRunner.java:319)
	at org.testng.SuiteRunner.run(SuiteRunner.java:268)
	at org.testng.SuiteRunnerWorker.runSuite(SuiteRunnerWorker.java:52)
	at org.testng.SuiteRunnerWorker.run(SuiteRunnerWorker.java:86)
	at org.testng.TestNG.runSuitesSequentially(TestNG.java:1244)
	at org.testng.TestNG.runSuitesLocally(TestNG.java:1169)
	at org.testng.TestNG.run(TestNG.java:1064)
	at org.testng.remote.AbstractRemoteTestNG.run(AbstractRemoteTestNG.java:115)
	at org.testng.remote.RemoteTestNG.initAndRun(RemoteTestNG.java:251)
	at org.testng.remote.RemoteTestNG.main(RemoteTestNG.java:77)
]]>
            </full-stacktrace>
          </exception> <!-- java.lang.Throwable -->
          <reporter-output>
          </reporter-output>
        </test-method> <!-- getupdate -->
      </class> <!-- com.ams.qa.admin.testcases.ManageCutOffTest -->
    </test> <!-- Default test -->
  </suite> <!-- Default suite -->
</testng-results>
