<?xml version="1.0" encoding="UTF-8"?>
<!-- Generated by org.testng.reporters.JUnitXMLReporter -->
<testsuite hostname="SPGRASD11" name="Validating AssignReports" tests="8" failures="0" timestamp="30 Jan 2021 11:32:42 GMT" time="40.74" errors="0">
  <testcase name="getUserRegisteration" time="4.529" classname="com.ams.qa.testcases.AssignReportsTest"/>
  <testcase name="getUserMnagement" time="2.092" classname="com.ams.qa.testcases.AssignReportsTest"/>
  <testcase name="getAssignReports" time="3.082" classname="com.ams.qa.testcases.AssignReportsTest"/>
  <testcase name="getRole" time="2.964" classname="com.ams.qa.testcases.AssignReportsTest"/>
  <testcase name="getEmployee" time="5.103" classname="com.ams.qa.testcases.AssignReportsTest"/>
  <testcase name="getAdd" time="4.095" classname="com.ams.qa.testcases.AssignReportsTest"/>
  <testcase name="getPagination" time="2.362" classname="com.ams.qa.testcases.AssignReportsTest"/>
  <testcase name="getUpdate" time="4.166" classname="com.ams.qa.testcases.AssignReportsTest"/>
</testsuite> <!-- Validating AssignReports -->
