<?xml version="1.0" encoding="UTF-8"?>
<!-- Generated by org.testng.reporters.JUnitXMLReporter -->
<testsuite hostname="SPGRASD11" name="Validating UserManagementManageRoles" tests="8" failures="0" timestamp="1 Feb 2021 05:09:49 GMT" time="37.982" errors="0">
  <testcase name="getUserRegisteration" time="4.73" classname="com.ams.qa.testcases.UserManagementManageRolesTest"/>
  <testcase name="getUserMnagement" time="2.162" classname="com.ams.qa.testcases.UserManagementManageRolesTest"/>
  <testcase name="getManagerRoles" time="3.251" classname="com.ams.qa.testcases.UserManagementManageRolesTest"/>
  <testcase name="getRoles" time="2.227" classname="com.ams.qa.testcases.UserManagementManageRolesTest"/>
  <testcase name="getModules" time="2.367" classname="com.ams.qa.testcases.UserManagementManageRolesTest"/>
  <testcase name="getAdd" time="4.117" classname="com.ams.qa.testcases.UserManagementManageRolesTest"/>
  <testcase name="getEdit" time="3.107" classname="com.ams.qa.testcases.UserManagementManageRolesTest"/>
  <testcase name="getUpdate" time="3.091" classname="com.ams.qa.testcases.UserManagementManageRolesTest"/>
</testsuite> <!-- Validating UserManagementManageRoles -->
