<?xml version="1.0" encoding="UTF-8"?>
<!-- Generated by org.testng.reporters.JUnitXMLReporter -->
<testsuite hostname="SPGRASD11" name="Validating AssignRoles" tests="8" failures="0" timestamp="30 Jan 2021 11:30:28 GMT" time="141.566" errors="0">
  <testcase name="getUserRegisteration" time="5.234" classname="com.ams.qa.testcases.AssignRolesTest"/>
  <testcase name="getUserMnagement" time="2.086" classname="com.ams.qa.testcases.AssignRolesTest"/>
  <testcase name="getAssignRoles" time="3.118" classname="com.ams.qa.testcases.AssignRolesTest"/>
  <testcase name="getEmployeeID" time="5.521" classname="com.ams.qa.testcases.AssignRolesTest"/>
  <testcase name="getCheckbox" time="103.365" classname="com.ams.qa.testcases.AssignRolesTest"/>
  <testcase name="getAdd" time="4.126" classname="com.ams.qa.testcases.AssignRolesTest"/>
  <testcase name="getEdit" time="3.197" classname="com.ams.qa.testcases.AssignRolesTest"/>
  <testcase name="getUpdate" time="3.081" classname="com.ams.qa.testcases.AssignRolesTest"/>
</testsuite> <!-- Validating AssignRoles -->
